<?xml version="1.0" encoding="UTF-8"?>
<!-- Generated by org.testng.reporters.JUnitReportReporter -->
<testsuite skipped="0" hostname="DESKTOP-5RGTLIF" name="autoit.LoggerDemo" tests="1" failures="0" timestamp="29 Mar 2018 04:49:32 GMT" time="0.021" errors="0">
  <testcase name="loggerDemo" time="0.021" classname="autoit.LoggerDemo"/>
</testsuite> <!-- autoit.LoggerDemo -->
