<?xml version="1.0" encoding="UTF-8"?>
<!-- Generated by org.testng.reporters.JUnitReportReporter -->
<testsuite skipped="0" hostname="DESKTOP-5RGTLIF" name="autoit.ComposeEmail" tests="1" failures="0" timestamp="29 Mar 2018 04:06:15 GMT" time="23.882" errors="0">
  <testcase name="composeEmailWithAttachment" time="23.882" classname="autoit.ComposeEmail"/>
</testsuite> <!-- autoit.ComposeEmail -->
