<?xml version="1.0" encoding="UTF-8"?>
<!-- Generated by org.testng.reporters.JUnitReportReporter -->
<testsuite skipped="0" hostname="DESKTOP-5RGTLIF" name="autoit.LoginToFaceBook" tests="1" failures="0" timestamp="29 Mar 2018 04:19:19 GMT" time="21.644" errors="0">
  <testcase name="loginToFacebook" time="21.644" classname="autoit.LoginToFaceBook"/>
</testsuite> <!-- autoit.LoginToFaceBook -->
